<test>
  <fielda>a</fielda>
  <fieldb>b</fieldb>
</test>
